c:\myproj\htmlcxx-0.86\debug\vc120.pdb
c:\myproj\htmlcxx-0.86\debug\vc120.idb
c:\myproj\htmlcxx-0.86\debug\extensions.obj
c:\myproj\htmlcxx-0.86\debug\node.obj
c:\myproj\htmlcxx-0.86\debug\parserdom.obj
c:\myproj\htmlcxx-0.86\debug\parsersax.obj
c:\myproj\htmlcxx-0.86\debug\uri.obj
c:\myproj\htmlcxx-0.86\debug\utils.obj
c:\myproj\htmlcxx-0.86\debug\htmlcxx.lib
c:\myproj\ped1ycrawl3r\ped1ycrawl3r\htmlcxx\debug\extensions.obj
c:\myproj\ped1ycrawl3r\ped1ycrawl3r\htmlcxx\debug\node.obj
c:\myproj\ped1ycrawl3r\ped1ycrawl3r\htmlcxx\debug\parserdom.obj
c:\myproj\ped1ycrawl3r\ped1ycrawl3r\htmlcxx\debug\parsersax.obj
c:\myproj\ped1ycrawl3r\ped1ycrawl3r\htmlcxx\debug\uri.obj
c:\myproj\ped1ycrawl3r\ped1ycrawl3r\htmlcxx\debug\utils.obj
c:\myproj\ped1ycrawl3r\ped1ycrawl3r\htmlcxx\debug\vc120.idb
c:\myproj\ped1ycrawl3r\ped1ycrawl3r\htmlcxx\debug\vc120.pdb
c:\myproj\ped1ycrawl3r\ped1ycrawl3r\htmlcxx\debug\htmlcxx.lib
c:\myproj\ped1ycrawl3r\ped1ycrawl3r\htmlcxx\debug\htmlcxx.tlog\cl.command.1.tlog
c:\myproj\ped1ycrawl3r\ped1ycrawl3r\htmlcxx\debug\htmlcxx.tlog\cl.read.1.tlog
c:\myproj\ped1ycrawl3r\ped1ycrawl3r\htmlcxx\debug\htmlcxx.tlog\cl.write.1.tlog
c:\myproj\ped1ycrawl3r\ped1ycrawl3r\htmlcxx\debug\htmlcxx.tlog\lib-link.read.1.tlog
c:\myproj\ped1ycrawl3r\ped1ycrawl3r\htmlcxx\debug\htmlcxx.tlog\lib-link.write.1.tlog
c:\myproj\ped1ycrawl3r\ped1ycrawl3r\htmlcxx\debug\htmlcxx.tlog\lib.command.1.tlog
